{
  "RSpec": {
    "coverage": {
      "/home/mikeysax/Desktop/Code/nmc/app/helpers/application_helper.rb": [
        1,
        null
      ],
      "/home/mikeysax/Desktop/Code/nmc/app/helpers/beta_candidates_helper.rb": [
        1,
        null
      ],
      "/home/mikeysax/Desktop/Code/nmc/app/helpers/performances_helper.rb": [
        1,
        null
      ],
      "/home/mikeysax/Desktop/Code/nmc/app/helpers/profiles_helper.rb": [
        1,
        null
      ],
      "/home/mikeysax/Desktop/Code/nmc/app/helpers/static_pages_helper.rb": [
        1,
        null
      ],
      "/home/mikeysax/Desktop/Code/nmc/app/helpers/users_helper.rb": [
        1,
        null
      ],
      "/home/mikeysax/Desktop/Code/nmc/app/helpers/works_helper.rb": [
        1,
        null
      ],
      "/home/mikeysax/Desktop/Code/nmc/app/controllers/beta_candidates_controller.rb": [
        1,
        1,
        9,
        5,
        5,
        null,
        4,
        4,
        null,
        null,
        1,
        null,
        1,
        9,
        null,
        null
      ],
      "/home/mikeysax/Desktop/Code/nmc/app/controllers/application_controller.rb": [
        1,
        null,
        null,
        1,
        null
      ],
      "/home/mikeysax/Desktop/Code/nmc/app/controllers/performances_controller.rb": [
        1,
        1,
        null,
        1,
        2,
        null,
        null,
        1,
        2,
        null,
        null,
        1,
        2,
        null,
        null,
        1,
        9,
        9,
        5,
        5,
        null,
        null,
        null,
        1,
        5,
        5,
        null,
        null,
        1,
        9,
        9,
        null,
        9,
        3,
        3,
        null,
        null,
        null,
        1,
        3,
        3,
        2,
        1,
        1,
        null,
        null,
        null,
        1,
        null,
        1,
        17,
        null,
        null,
        1,
        18,
        null,
        null,
        1,
        11,
        7,
        7,
        null,
        null,
        1,
        9,
        2,
        2,
        null,
        2,
        2,
        null,
        5,
        null,
        null,
        1,
        5,
        5,
        5,
        null,
        null,
        1,
        9,
        3,
        3,
        null,
        6,
        3,
        null,
        null,
        1,
        18,
        null,
        null
      ],
      "/home/mikeysax/Desktop/Code/nmc/app/controllers/profiles_controller.rb": [
        1,
        1,
        null,
        1,
        2,
        null,
        null,
        1,
        2,
        null,
        null,
        1,
        null,
        null,
        1,
        5,
        5,
        null,
        null,
        1,
        0,
        0,
        null,
        0,
        0,
        0,
        null,
        null,
        null,
        1,
        null,
        1,
        7,
        null,
        null,
        1,
        0,
        null,
        null,
        1,
        5,
        3,
        3,
        null,
        null,
        1,
        5,
        5,
        3,
        null,
        null,
        1,
        0,
        0,
        0,
        0,
        null,
        null
      ],
      "/home/mikeysax/Desktop/Code/nmc/app/controllers/static_pages_controller.rb": [
        1,
        1,
        null,
        null,
        1,
        1,
        null,
        null,
        1,
        null,
        null
      ],
      "/home/mikeysax/Desktop/Code/nmc/app/controllers/users_controller.rb": [
        1,
        1,
        0,
        null,
        null,
        1,
        2,
        1,
        1,
        null,
        1,
        null,
        null,
        1,
        null,
        null
      ],
      "/home/mikeysax/Desktop/Code/nmc/app/controllers/works_controller.rb": [
        1,
        1,
        null,
        1,
        2,
        null,
        null,
        1,
        2,
        null,
        null,
        1,
        2,
        null,
        null,
        1,
        9,
        null,
        9,
        5,
        5,
        null,
        null,
        null,
        1,
        5,
        5,
        null,
        null,
        1,
        9,
        9,
        null,
        9,
        3,
        3,
        null,
        null,
        null,
        1,
        3,
        3,
        2,
        1,
        1,
        null,
        null,
        null,
        1,
        null,
        1,
        19,
        null,
        null,
        1,
        18,
        null,
        null,
        1,
        11,
        7,
        7,
        null,
        null,
        1,
        9,
        2,
        2,
        null,
        2,
        2,
        null,
        5,
        null,
        null,
        1,
        5,
        5,
        5,
        null,
        null,
        1,
        9,
        3,
        3,
        null,
        6,
        3,
        null,
        null,
        1,
        18,
        null,
        null
      ],
      "/home/mikeysax/Desktop/Code/nmc/app/models/beta_candidate.rb": [
        1,
        1,
        null
      ],
      "/home/mikeysax/Desktop/Code/nmc/app/uploaders/work_uploader.rb": [
        0,
        0,
        0,
        0,
        0,
        0,
        0,
        0,
        0,
        0,
        0,
        0,
        0,
        0,
        0,
        0,
        0,
        0,
        0,
        0,
        0,
        0,
        0,
        0,
        0,
        0,
        0,
        0,
        0,
        0,
        0,
        0,
        0,
        0,
        0,
        0,
        0,
        0,
        0,
        0,
        0,
        0,
        0,
        0,
        0,
        0,
        0,
        0,
        0,
        0,
        0
      ],
      "/home/mikeysax/Desktop/Code/nmc/app/models/user.rb": [
        0,
        0,
        0,
        0,
        0,
        0,
        0,
        0,
        0,
        0
      ],
      "/home/mikeysax/Desktop/Code/nmc/app/models/performance.rb": [
        0,
        0,
        0,
        0
      ],
      "/home/mikeysax/Desktop/Code/nmc/app/models/work.rb": [
        0,
        0,
        0,
        0,
        0,
        0,
        0,
        0
      ],
      "/home/mikeysax/Desktop/Code/nmc/app/models/profile.rb": [
        0,
        0,
        0
      ]
    },
    "timestamp": 1468547819
  }
}
